<?xml version="1.0" encoding="UTF-8"?>
<!-- Generated by org.testng.reporters.JUnitReportReporter -->
<testsuite hostname="DESKTOP-J5HOEV4" failures="0" tests="1" name="webApi.automation.rest.search.ShouldGetCountryByIso3CodeTest" time="0.281" errors="0" timestamp="21 Jun 2018 15:26:57 GMT" skipped="0">
  <testcase classname="webApi.automation.rest.search.ShouldGetCountryByIso3CodeTest" name="shouldGetCountryByIso3Code" time="0.281"/>
</testsuite> <!-- webApi.automation.rest.search.ShouldGetCountryByIso3CodeTest -->
