<?xml version="1.0" encoding="UTF-8"?>
<!-- Generated by org.testng.reporters.JUnitReportReporter -->
<testsuite hostname="DESKTOP-J5HOEV4" failures="0" tests="2" name="webApi.automation.rest.search.ShouldSearchCountryByIsoCodeTest" time="0.542" errors="0" timestamp="21 Jun 2018 15:26:57 GMT" skipped="0">
  <testcase classname="webApi.automation.rest.search.ShouldSearchCountryByIsoCodeTest" name="shouldSearchCountryByIso3Code" time="0.272"/>
  <testcase classname="webApi.automation.rest.search.ShouldSearchCountryByIsoCodeTest" name="shouldSearchCountryByIso2Code" time="0.270"/>
</testsuite> <!-- webApi.automation.rest.search.ShouldSearchCountryByIsoCodeTest -->
