<?xml version="1.0" encoding="UTF-8"?>
<!-- Generated by org.testng.reporters.JUnitReportReporter -->
<testsuite hostname="DESKTOP-J5HOEV4" failures="0" tests="1" name="webApi.automation.rest.search.ShouldGetCountryByIso2CodeTest" time="0.293" errors="0" timestamp="21 Jun 2018 15:26:57 GMT" skipped="0">
  <testcase classname="webApi.automation.rest.search.ShouldGetCountryByIso2CodeTest" name="shouldGetCountryByIso2Code" time="0.293"/>
</testsuite> <!-- webApi.automation.rest.search.ShouldGetCountryByIso2CodeTest -->
