<?xml version="1.0" encoding="UTF-8"?>
<!-- Generated by org.testng.reporters.JUnitReportReporter -->
<testsuite hostname="DESKTOP-J5HOEV4" failures="0" tests="1" name="webApi.automation.dashboard.ShouldContainAllButtonsTest" time="8.706" errors="0" timestamp="21 Jun 2018 10:36:15 GMT" skipped="0">
  <testcase classname="webApi.automation.dashboard.ShouldContainAllButtonsTest" name="shouldContainAllButtons" time="8.706"/>
</testsuite> <!-- webApi.automation.dashboard.ShouldContainAllButtonsTest -->
