<?xml version="1.0" encoding="UTF-8"?>
<!-- Generated by org.testng.reporters.JUnitReportReporter -->
<testsuite hostname="DESKTOP-J5HOEV4" failures="0" tests="1" name="webApi.automation.login.ShouldLoginTest" time="4.090" errors="0" timestamp="20 Jun 2018 20:29:36 GMT" skipped="0">
  <testcase classname="webApi.automation.login.ShouldLoginTest" name="shouldLoginTest" time="4.090"/>
</testsuite> <!-- webApi.automation.login.ShouldLoginTest -->
