<?xml version="1.0" encoding="UTF-8"?>
<!-- Generated by org.testng.reporters.JUnitReportReporter -->
<testsuite hostname="DESKTOP-J5HOEV4" failures="0" tests="1" name="webApi.automation.login.ShouldNotLogInWithInccorectCredentialsTest" time="38.180" errors="0" timestamp="21 Jun 2018 09:16:13 GMT" skipped="0">
  <testcase classname="webApi.automation.login.ShouldNotLogInWithInccorectCredentialsTest" name="shouldLoginTest" time="38.180"/>
</testsuite> <!-- webApi.automation.login.ShouldNotLogInWithInccorectCredentialsTest -->
