<?xml version="1.0" encoding="UTF-8"?>
<!-- Generated by org.testng.reporters.JUnitReportReporter -->
<testsuite hostname="DESKTOP-J5HOEV4" failures="0" tests="1" name="webApi.automation.rest.search.ShouldNotGetCountryByNonExistingIso2CodeTest" time="0.290" errors="0" timestamp="21 Jun 2018 15:26:57 GMT" skipped="0">
  <testcase classname="webApi.automation.rest.search.ShouldNotGetCountryByNonExistingIso2CodeTest" name="shouldNotGetCountryByNonExistingIso2Code" time="0.290"/>
</testsuite> <!-- webApi.automation.rest.search.ShouldNotGetCountryByNonExistingIso2CodeTest -->
