<?xml version="1.0" encoding="UTF-8"?>
<!-- Generated by org.testng.reporters.JUnitReportReporter -->
<testsuite hostname="DESKTOP-J5HOEV4" failures="0" tests="1" name="webApi.automation.login.ShouldLoginWithCorrectCredentialsTest" time="14.037" errors="0" timestamp="21 Jun 2018 09:51:04 GMT" skipped="0">
  <testcase classname="webApi.automation.login.ShouldLoginWithCorrectCredentialsTest" name="shouldLoginWithCorrectCredentials" time="14.037"/>
</testsuite> <!-- webApi.automation.login.ShouldLoginWithCorrectCredentialsTest -->
