<?xml version="1.0" encoding="UTF-8"?>
<!-- Generated by org.testng.reporters.JUnitReportReporter -->
<testsuite hostname="DESKTOP-J5HOEV4" failures="0" tests="1" name="webApi.automation.frontend.login.ShouldLoginWithCorrectCredentialsTest" time="11.251" errors="0" timestamp="21 Jun 2018 13:26:21 GMT" skipped="0">
  <testcase classname="webApi.automation.frontend.login.ShouldLoginWithCorrectCredentialsTest" name="shouldLoginWithCorrectCredentials" time="11.251"/>
</testsuite> <!-- webApi.automation.frontend.login.ShouldLoginWithCorrectCredentialsTest -->
